mode: set
github.com/yoursec/rsbp/internal/correlation/engine.go:51.83,52.17 1 1
github.com/yoursec/rsbp/internal/correlation/engine.go:52.17,54.3 1 0
github.com/yoursec/rsbp/internal/correlation/engine.go:55.2,55.16 1 1
github.com/yoursec/rsbp/internal/correlation/engine.go:55.16,57.3 1 0
github.com/yoursec/rsbp/internal/correlation/engine.go:59.2,64.3 1 1
github.com/yoursec/rsbp/internal/correlation/engine.go:67.52,68.14 1 1
github.com/yoursec/rsbp/internal/correlation/engine.go:68.14,70.3 1 0
github.com/yoursec/rsbp/internal/correlation/engine.go:72.2,83.25 9 1
github.com/yoursec/rsbp/internal/correlation/engine.go:84.17,86.26 2 1
github.com/yoursec/rsbp/internal/correlation/engine.go:86.26,88.4 1 1
github.com/yoursec/rsbp/internal/correlation/engine.go:89.3,89.23 1 1
github.com/yoursec/rsbp/internal/correlation/engine.go:89.23,91.4 1 1
github.com/yoursec/rsbp/internal/correlation/engine.go:93.3,93.64 1 1
github.com/yoursec/rsbp/internal/correlation/engine.go:93.64,95.45 2 0
github.com/yoursec/rsbp/internal/correlation/engine.go:95.45,98.5 2 0
github.com/yoursec/rsbp/internal/correlation/engine.go:99.4,99.69 1 0
github.com/yoursec/rsbp/internal/correlation/engine.go:99.69,103.5 3 0
github.com/yoursec/rsbp/internal/correlation/engine.go:106.3,106.91 1 1
github.com/yoursec/rsbp/internal/correlation/engine.go:106.91,107.42 1 1
github.com/yoursec/rsbp/internal/correlation/engine.go:107.42,109.5 1 1
github.com/yoursec/rsbp/internal/correlation/engine.go:110.4,110.61 1 1
github.com/yoursec/rsbp/internal/correlation/engine.go:110.61,112.5 1 1
github.com/yoursec/rsbp/internal/correlation/engine.go:113.4,116.24 4 1
github.com/yoursec/rsbp/internal/correlation/engine.go:119.17,125.5 3 1
github.com/yoursec/rsbp/internal/correlation/engine.go:127.18,131.16 4 1
github.com/yoursec/rsbp/internal/correlation/engine.go:131.16,133.4 1 1
github.com/yoursec/rsbp/internal/correlation/engine.go:134.3,134.28 1 1
github.com/yoursec/rsbp/internal/correlation/engine.go:134.28,136.4 1 1
github.com/yoursec/rsbp/internal/correlation/engine.go:137.3,142.5 1 1
github.com/yoursec/rsbp/internal/correlation/engine.go:144.24,145.20 1 1
github.com/yoursec/rsbp/internal/correlation/engine.go:145.20,146.58 1 1
github.com/yoursec/rsbp/internal/correlation/engine.go:146.58,148.5 1 1
github.com/yoursec/rsbp/internal/correlation/engine.go:151.26,153.40 2 1
github.com/yoursec/rsbp/internal/correlation/engine.go:153.40,155.4 1 0
github.com/yoursec/rsbp/internal/correlation/engine.go:156.3,156.46 1 1
github.com/yoursec/rsbp/internal/correlation/engine.go:156.46,163.4 1 1
github.com/yoursec/rsbp/internal/correlation/engine.go:165.25,167.40 2 1
github.com/yoursec/rsbp/internal/correlation/engine.go:167.40,169.4 1 1
github.com/yoursec/rsbp/internal/correlation/engine.go:172.2,174.22 3 1
github.com/yoursec/rsbp/internal/correlation/engine.go:177.51,178.51 1 1
github.com/yoursec/rsbp/internal/correlation/engine.go:178.51,180.3 1 0
github.com/yoursec/rsbp/internal/correlation/engine.go:181.2,181.66 1 1
github.com/yoursec/rsbp/internal/correlation/engine.go:181.66,183.3 1 1
github.com/yoursec/rsbp/internal/correlation/engine.go:184.2,184.27 1 1
github.com/yoursec/rsbp/internal/correlation/engine.go:184.27,186.3 1 1
github.com/yoursec/rsbp/internal/correlation/engine.go:188.2,188.67 1 1
github.com/yoursec/rsbp/internal/correlation/engine.go:188.67,190.3 1 1
github.com/yoursec/rsbp/internal/correlation/engine.go:192.2,193.9 2 1
github.com/yoursec/rsbp/internal/correlation/engine.go:194.29,194.29 0 1
github.com/yoursec/rsbp/internal/correlation/engine.go:195.10,196.101 1 0
github.com/yoursec/rsbp/internal/correlation/engine.go:200.28,201.14 1 0
github.com/yoursec/rsbp/internal/correlation/engine.go:201.14,203.3 1 0
github.com/yoursec/rsbp/internal/correlation/engine.go:205.2,206.45 2 0
github.com/yoursec/rsbp/internal/correlation/engine.go:206.45,208.10 2 0
github.com/yoursec/rsbp/internal/correlation/engine.go:208.10,210.4 1 0
github.com/yoursec/rsbp/internal/correlation/engine.go:211.3,212.10 2 0
github.com/yoursec/rsbp/internal/correlation/engine.go:212.10,215.4 2 0
github.com/yoursec/rsbp/internal/correlation/engine.go:217.3,217.65 1 0
github.com/yoursec/rsbp/internal/correlation/engine.go:217.65,223.4 5 0
github.com/yoursec/rsbp/internal/correlation/engine.go:224.3,224.14 1 0
github.com/yoursec/rsbp/internal/correlation/engine.go:228.77,229.14 1 0
github.com/yoursec/rsbp/internal/correlation/engine.go:229.14,231.3 1 0
github.com/yoursec/rsbp/internal/correlation/engine.go:233.2,234.12 2 0
github.com/yoursec/rsbp/internal/correlation/engine.go:234.12,236.7 2 0
github.com/yoursec/rsbp/internal/correlation/engine.go:236.7,237.11 1 0
github.com/yoursec/rsbp/internal/correlation/engine.go:238.22,239.11 1 0
github.com/yoursec/rsbp/internal/correlation/engine.go:240.22,241.16 1 0
github.com/yoursec/rsbp/internal/correlation/engine.go:246.2,246.6 1 0
github.com/yoursec/rsbp/internal/correlation/engine.go:246.6,247.10 1 0
github.com/yoursec/rsbp/internal/correlation/engine.go:248.21,251.10 3 0
github.com/yoursec/rsbp/internal/correlation/engine.go:252.27,253.11 1 0
github.com/yoursec/rsbp/internal/correlation/engine.go:253.11,257.5 3 0
github.com/yoursec/rsbp/internal/correlation/engine.go:258.4,258.17 1 0
github.com/yoursec/rsbp/internal/correlation/engine.go:263.92,264.52 1 1
github.com/yoursec/rsbp/internal/correlation/engine.go:264.52,265.52 1 1
github.com/yoursec/rsbp/internal/correlation/engine.go:265.52,267.4 1 1
github.com/yoursec/rsbp/internal/correlation/engine.go:270.2,281.10 3 1
github.com/yoursec/rsbp/internal/correlation/engine.go:284.100,285.20 1 1
github.com/yoursec/rsbp/internal/correlation/engine.go:285.20,287.3 1 0
github.com/yoursec/rsbp/internal/correlation/engine.go:288.2,288.34 1 1
github.com/yoursec/rsbp/internal/correlation/engine.go:288.34,290.55 2 1
github.com/yoursec/rsbp/internal/correlation/engine.go:290.55,292.4 1 1
github.com/yoursec/rsbp/internal/correlation/engine.go:295.2,301.4 1 1
github.com/yoursec/rsbp/internal/correlation/engine.go:304.54,305.15 1 1
github.com/yoursec/rsbp/internal/correlation/engine.go:305.15,307.3 1 0
github.com/yoursec/rsbp/internal/correlation/engine.go:308.2,309.24 2 1
github.com/yoursec/rsbp/internal/correlation/engine.go:309.24,311.3 1 1
github.com/yoursec/rsbp/internal/correlation/engine.go:312.2,313.13 2 1
github.com/yoursec/rsbp/internal/correlation/engine.go:316.43,317.13 1 1
github.com/yoursec/rsbp/internal/correlation/engine.go:317.13,319.3 1 0
github.com/yoursec/rsbp/internal/correlation/engine.go:320.2,320.38 1 1
github.com/yoursec/rsbp/internal/correlation/engine.go:323.39,325.26 2 1
github.com/yoursec/rsbp/internal/correlation/engine.go:325.26,326.18 1 1
github.com/yoursec/rsbp/internal/correlation/engine.go:326.18,328.9 2 1
github.com/yoursec/rsbp/internal/correlation/engine.go:331.2,331.13 1 1
github.com/yoursec/rsbp/internal/correlation/engine.go:331.13,333.3 1 0
github.com/yoursec/rsbp/internal/correlation/engine.go:335.2,336.26 2 1
github.com/yoursec/rsbp/internal/correlation/engine.go:336.26,337.18 1 1
github.com/yoursec/rsbp/internal/correlation/engine.go:337.18,339.9 2 0
github.com/yoursec/rsbp/internal/correlation/engine.go:342.2,342.8 1 1
github.com/yoursec/rsbp/internal/correlation/engine.go:342.8,344.3 1 1
github.com/yoursec/rsbp/internal/correlation/engine.go:346.2,348.11 3 0
github.com/yoursec/rsbp/internal/correlation/engine.go:351.39,353.19 2 1
github.com/yoursec/rsbp/internal/correlation/engine.go:353.19,354.16 1 1
github.com/yoursec/rsbp/internal/correlation/engine.go:354.16,356.4 1 1
github.com/yoursec/rsbp/internal/correlation/engine.go:358.2,358.37 1 0
github.com/yoursec/rsbp/internal/correlation/engine.go:365.45,367.2 1 0
github.com/yoursec/rsbp/internal/correlation/engine.go:369.64,370.33 1 0
github.com/yoursec/rsbp/internal/correlation/engine.go:370.33,372.3 1 0
github.com/yoursec/rsbp/internal/correlation/engine.go:373.2,375.9 3 0
github.com/yoursec/rsbp/internal/correlation/engine.go:375.9,377.3 1 0
github.com/yoursec/rsbp/internal/correlation/engine.go:378.2,379.9 2 0
github.com/yoursec/rsbp/internal/correlation/engine.go:379.9,381.3 1 0
github.com/yoursec/rsbp/internal/correlation/engine.go:382.2,383.22 2 0
github.com/yoursec/rsbp/internal/correlation/engine.go:383.22,385.3 1 0
github.com/yoursec/rsbp/internal/correlation/engine.go:386.2,387.18 2 0
github.com/yoursec/rsbp/internal/correlation/engine.go:390.59,392.9 2 0
github.com/yoursec/rsbp/internal/correlation/engine.go:392.9,394.3 1 0
github.com/yoursec/rsbp/internal/correlation/engine.go:395.2,396.9 2 0
github.com/yoursec/rsbp/internal/correlation/engine.go:396.9,398.3 1 0
github.com/yoursec/rsbp/internal/correlation/engine.go:399.2,399.119 1 0
github.com/yoursec/rsbp/internal/correlation/patterns.go:17.37,19.4 1 0
github.com/yoursec/rsbp/internal/correlation/patterns.go:25.37,26.16 1 0
github.com/yoursec/rsbp/internal/correlation/patterns.go:26.16,28.5 1 0
github.com/yoursec/rsbp/internal/correlation/patterns.go:29.4,30.132 2 0
github.com/yoursec/rsbp/internal/correlation/patterns.go:37.37,39.4 1 0
github.com/yoursec/rsbp/internal/correlation/patterns.go:45.37,46.16 1 0
github.com/yoursec/rsbp/internal/correlation/patterns.go:46.16,48.5 1 0
github.com/yoursec/rsbp/internal/correlation/patterns.go:49.4,50.152 2 0
github.com/yoursec/rsbp/internal/correlation/patterns.go:57.37,58.16 1 0
github.com/yoursec/rsbp/internal/correlation/patterns.go:58.16,60.5 1 0
github.com/yoursec/rsbp/internal/correlation/patterns.go:61.4,62.124 2 0
github.com/yoursec/rsbp/internal/correlation/patterns.go:69.37,71.4 1 0
github.com/yoursec/rsbp/internal/correlation/patterns.go:77.37,78.16 1 0
github.com/yoursec/rsbp/internal/correlation/patterns.go:78.16,80.5 1 0
github.com/yoursec/rsbp/internal/correlation/patterns.go:81.4,82.78 2 0
github.com/yoursec/rsbp/internal/correlation/patterns.go:89.37,90.16 1 0
github.com/yoursec/rsbp/internal/correlation/patterns.go:90.16,92.5 1 0
github.com/yoursec/rsbp/internal/correlation/patterns.go:93.4,94.100 2 0
github.com/yoursec/rsbp/internal/correlation/patterns.go:99.49,101.31 2 0
github.com/yoursec/rsbp/internal/correlation/patterns.go:101.31,103.36 2 0
github.com/yoursec/rsbp/internal/correlation/patterns.go:103.36,104.12 1 0
github.com/yoursec/rsbp/internal/correlation/patterns.go:106.3,106.52 1 0
github.com/yoursec/rsbp/internal/correlation/patterns.go:106.52,108.4 1 0
github.com/yoursec/rsbp/internal/correlation/patterns.go:110.2,110.13 1 0
github.com/yoursec/rsbp/internal/correlation/session.go:63.38,64.16 1 1
github.com/yoursec/rsbp/internal/correlation/session.go:64.16,66.3 1 0
github.com/yoursec/rsbp/internal/correlation/session.go:67.2,69.11 3 1
github.com/yoursec/rsbp/internal/correlation/session.go:72.45,73.14 1 1
github.com/yoursec/rsbp/internal/correlation/session.go:73.14,75.3 1 0
github.com/yoursec/rsbp/internal/correlation/session.go:77.2,77.95 1 1
github.com/yoursec/rsbp/internal/correlation/session.go:77.95,79.3 1 1
github.com/yoursec/rsbp/internal/correlation/session.go:80.2,80.59 1 1
github.com/yoursec/rsbp/internal/correlation/session.go:80.59,82.3 1 1
github.com/yoursec/rsbp/internal/correlation/session.go:83.2,83.57 1 1
github.com/yoursec/rsbp/internal/correlation/session.go:83.57,85.3 1 1
github.com/yoursec/rsbp/internal/correlation/session.go:86.2,86.38 1 1
github.com/yoursec/rsbp/internal/correlation/session.go:86.38,88.3 1 1
github.com/yoursec/rsbp/internal/correlation/session.go:90.2,90.10 1 1
github.com/yoursec/rsbp/internal/correlation/session.go:93.42,94.14 1 1
github.com/yoursec/rsbp/internal/correlation/session.go:94.14,96.3 1 0
github.com/yoursec/rsbp/internal/correlation/session.go:98.2,101.35 3 1
github.com/yoursec/rsbp/internal/correlation/session.go:101.35,103.3 1 1
github.com/yoursec/rsbp/internal/correlation/session.go:105.2,105.13 1 1
github.com/yoursec/rsbp/internal/correlation/session.go:106.9,107.29 1 1
github.com/yoursec/rsbp/internal/correlation/session.go:107.29,109.4 1 1
github.com/yoursec/rsbp/internal/correlation/session.go:110.3,110.92 1 1
github.com/yoursec/rsbp/internal/correlation/session.go:111.9,112.98 1 1
github.com/yoursec/rsbp/internal/correlation/session.go:113.9,114.79 1 1
github.com/yoursec/rsbp/internal/correlation/session.go:115.10,116.15 1 1
github.com/yoursec/rsbp/internal/correlation/session.go:120.35,123.2 2 1
github.com/yoursec/rsbp/internal/correlation/session.go:125.39,126.15 1 1
github.com/yoursec/rsbp/internal/correlation/session.go:126.15,128.3 1 1
github.com/yoursec/rsbp/internal/correlation/session.go:129.2,130.15 2 1
github.com/yoursec/rsbp/internal/correlation/session.go:130.15,132.3 1 0
github.com/yoursec/rsbp/internal/correlation/session.go:134.2,134.88 1 1
github.com/yoursec/rsbp/internal/correlation/session.go:134.88,136.3 1 1
github.com/yoursec/rsbp/internal/correlation/session.go:138.2,138.31 1 1
github.com/yoursec/rsbp/internal/correlation/session.go:138.31,139.18 1 1
github.com/yoursec/rsbp/internal/correlation/session.go:139.18,141.4 1 0
github.com/yoursec/rsbp/internal/correlation/session.go:142.3,142.49 1 1
github.com/yoursec/rsbp/internal/correlation/session.go:142.49,144.4 1 0
github.com/yoursec/rsbp/internal/correlation/session.go:145.3,145.35 1 1
github.com/yoursec/rsbp/internal/correlation/session.go:145.35,147.4 1 0
github.com/yoursec/rsbp/internal/correlation/session.go:150.2,150.13 1 1
github.com/yoursec/rsbp/internal/detection/engine.go:39.56,40.39 1 0
github.com/yoursec/rsbp/internal/detection/engine.go:40.39,42.3 1 0
github.com/yoursec/rsbp/internal/detection/engine.go:43.2,43.23 1 0
github.com/yoursec/rsbp/internal/detection/engine.go:43.23,45.3 1 0
github.com/yoursec/rsbp/internal/detection/engine.go:46.2,46.42 1 0
github.com/yoursec/rsbp/internal/detection/engine.go:49.125,50.18 1 0
github.com/yoursec/rsbp/internal/detection/engine.go:50.18,52.3 1 0
github.com/yoursec/rsbp/internal/detection/engine.go:54.2,55.32 2 0
github.com/yoursec/rsbp/internal/detection/engine.go:55.32,57.3 1 0
github.com/yoursec/rsbp/internal/detection/engine.go:59.2,98.42 3 0
github.com/yoursec/rsbp/internal/detection/engine.go:101.73,102.43 1 0
github.com/yoursec/rsbp/internal/detection/engine.go:102.43,104.3 1 0
github.com/yoursec/rsbp/internal/detection/engine.go:105.2,105.103 1 0
github.com/yoursec/rsbp/internal/detection/engine.go:105.103,107.3 1 0
github.com/yoursec/rsbp/internal/detection/engine.go:109.2,110.21 2 0
github.com/yoursec/rsbp/internal/detection/engine.go:110.21,112.3 1 0
github.com/yoursec/rsbp/internal/detection/engine.go:113.2,113.25 1 0
github.com/yoursec/rsbp/internal/detection/engine.go:113.25,115.3 1 0
github.com/yoursec/rsbp/internal/detection/engine.go:116.2,116.27 1 0
github.com/yoursec/rsbp/internal/detection/engine.go:116.27,118.3 1 0
github.com/yoursec/rsbp/internal/detection/engine.go:119.2,119.48 1 0
github.com/yoursec/rsbp/internal/detection/engine.go:119.48,121.3 1 0
github.com/yoursec/rsbp/internal/detection/engine.go:123.2,123.129 1 0
github.com/yoursec/rsbp/internal/detection/engine.go:123.129,125.3 1 0
github.com/yoursec/rsbp/internal/detection/engine.go:127.2,127.56 1 0
github.com/yoursec/rsbp/internal/detection/engine.go:127.56,129.3 1 0
github.com/yoursec/rsbp/internal/detection/engine.go:131.2,131.15 1 0
github.com/yoursec/rsbp/internal/detection/engine.go:131.15,133.3 1 0
github.com/yoursec/rsbp/internal/detection/engine.go:134.2,134.14 1 0
github.com/yoursec/rsbp/internal/detection/engine.go:137.71,141.2 3 0
github.com/yoursec/rsbp/internal/detection/engine.go:143.45,146.2 2 0
github.com/yoursec/rsbp/internal/detection/engine.go:148.57,149.9 1 1
github.com/yoursec/rsbp/internal/detection/engine.go:150.21,151.32 1 1
github.com/yoursec/rsbp/internal/detection/engine.go:152.21,153.28 1 1
github.com/yoursec/rsbp/internal/detection/engine.go:154.21,155.30 1 1
github.com/yoursec/rsbp/internal/detection/engine.go:156.10,157.27 1 0
github.com/yoursec/rsbp/internal/detection/engine.go:161.64,162.18 1 0
github.com/yoursec/rsbp/internal/detection/engine.go:162.18,164.3 1 0
github.com/yoursec/rsbp/internal/detection/engine.go:166.2,167.21 2 0
github.com/yoursec/rsbp/internal/detection/engine.go:167.21,169.3 1 0
github.com/yoursec/rsbp/internal/detection/engine.go:170.2,170.21 1 0
github.com/yoursec/rsbp/internal/detection/engine.go:170.21,172.3 1 0
github.com/yoursec/rsbp/internal/detection/engine.go:173.2,173.22 1 0
github.com/yoursec/rsbp/internal/detection/engine.go:173.22,175.3 1 0
github.com/yoursec/rsbp/internal/detection/engine.go:176.2,176.25 1 0
github.com/yoursec/rsbp/internal/detection/engine.go:176.25,178.3 1 0
github.com/yoursec/rsbp/internal/detection/engine.go:179.2,179.27 1 0
github.com/yoursec/rsbp/internal/detection/engine.go:179.27,181.3 1 0
github.com/yoursec/rsbp/internal/detection/engine.go:182.2,182.12 1 0
github.com/yoursec/rsbp/internal/detection/engine.go:185.58,186.18 1 0
github.com/yoursec/rsbp/internal/detection/engine.go:186.18,188.3 1 0
github.com/yoursec/rsbp/internal/detection/engine.go:189.2,189.32 1 0
github.com/yoursec/rsbp/internal/detection/engine.go:189.32,191.3 1 0
github.com/yoursec/rsbp/internal/detection/engine.go:192.2,192.25 1 0
github.com/yoursec/rsbp/internal/detection/engine.go:192.25,194.3 1 0
github.com/yoursec/rsbp/internal/detection/engine.go:195.2,195.65 1 0
github.com/yoursec/rsbp/internal/detection/engine.go:195.65,197.3 1 0
github.com/yoursec/rsbp/internal/detection/engine.go:198.2,198.18 1 0
github.com/yoursec/rsbp/internal/detection/rules.go:28.48,29.27 1 1
github.com/yoursec/rsbp/internal/detection/rules.go:29.27,31.4 1 0
github.com/yoursec/rsbp/internal/detection/rules.go:32.3,32.89 1 1
github.com/yoursec/rsbp/internal/detection/rules.go:35.55,36.24 1 1
github.com/yoursec/rsbp/internal/detection/rules.go:36.24,38.4 1 0
github.com/yoursec/rsbp/internal/detection/rules.go:39.3,44.34 3 1
github.com/yoursec/rsbp/internal/detection/rules.go:47.56,48.24 1 1
github.com/yoursec/rsbp/internal/detection/rules.go:48.24,50.4 1 0
github.com/yoursec/rsbp/internal/detection/rules.go:51.3,51.68 1 1
github.com/yoursec/rsbp/internal/detection/rules.go:54.51,56.3 1 1
github.com/yoursec/rsbp/internal/detection/rules.go:59.49,60.20 1 1
github.com/yoursec/rsbp/internal/detection/rules.go:60.20,67.3 1 1
github.com/yoursec/rsbp/internal/detection/rules.go:69.2,72.24 3 0
github.com/yoursec/rsbp/internal/detection/rules.go:72.24,75.3 2 0
github.com/yoursec/rsbp/internal/detection/rules.go:76.2,76.31 1 0
github.com/yoursec/rsbp/internal/detection/rules.go:76.31,79.3 2 0
github.com/yoursec/rsbp/internal/detection/rules.go:80.2,80.32 1 0
github.com/yoursec/rsbp/internal/detection/rules.go:80.32,83.3 2 0
github.com/yoursec/rsbp/internal/detection/rules.go:84.2,84.27 1 0
github.com/yoursec/rsbp/internal/detection/rules.go:84.27,87.3 2 0
github.com/yoursec/rsbp/internal/detection/rules.go:89.2,89.15 1 0
github.com/yoursec/rsbp/internal/detection/rules.go:89.15,91.3 1 0
github.com/yoursec/rsbp/internal/detection/rules.go:93.2,97.3 1 0
